> Task :app:preBuild UP-TO-DATE
> Task :app:preDebugBuild UP-TO-DATE
> Task :app:mergeDebugNativeDebugMetadata NO-SOURCE
> Task :app:checkKotlinGradlePluginConfigurationErrors SKIPPED
> Task :app:generateDebugBuildConfig UP-TO-DATE
> Task :app:checkDebugAarMetadata UP-TO-DATE
> Task :app:processDebugNavigationResources UP-TO-DATE
> Task :app:compileDebugNavigationResources UP-TO-DATE
> Task :app:generateDebugResValues UP-TO-DATE
> Task :app:processDebugGoogleServices UP-TO-DATE
> Task :app:mapDebugSourceSetPaths UP-TO-DATE
> Task :app:generateDebugResources UP-TO-DATE
> Task :app:mergeDebugResources UP-TO-DATE
> Task :app:packageDebugResources UP-TO-DATE
> Task :app:parseDebugLocalResources UP-TO-DATE
> Task :app:createDebugCompatibleScreenManifests UP-TO-DATE
> Task :app:extractDeepLinksDebug UP-TO-DATE
> Task :app:processDebugMainManifest UP-TO-DATE
> Task :app:processDebugManifest UP-TO-DATE
> Task :app:processDebugManifestForPackage UP-TO-DATE
> Task :app:processDebugResources UP-TO-DATE
> Task :app:javaPreCompileDebug UP-TO-DATE
> Task :app:mergeDebugShaders UP-TO-DATE
> Task :app:compileDebugShaders NO-SOURCE
> Task :app:generateDebugAssets UP-TO-DATE
> Task :app:mergeDebugAssets UP-TO-DATE
> Task :app:compressDebugAssets UP-TO-DATE
> Task :app:desugarDebugFileDependencies UP-TO-DATE
> Task :app:checkDebugDuplicateClasses UP-TO-DATE
> Task :app:mergeExtDexDebug UP-TO-DATE
> Task :app:mergeLibDexDebug UP-TO-DATE
> Task :app:mergeDebugJniLibFolders UP-TO-DATE
> Task :app:mergeDebugNativeLibs UP-TO-DATE
> Task :app:stripDebugDebugSymbols UP-TO-DATE
> Task :app:validateSigningDebug UP-TO-DATE
> Task :app:writeDebugAppMetadata UP-TO-DATE
> Task :app:writeDebugSigningConfigVersions UP-TO-DATE

> Task :app:kspDebugKotlin
e: [ksp] ModuleProcessingStep was unable to process 'com.example.hmifu_mobile.di.DatabaseModule' because 'HmifDatabase' could not be resolved.

Dependency trace:
    => element (OBJECT): com.example.hmifu_mobile.di.DatabaseModule
    => element (METHOD): provideDatabase(android.content.Context)
    => type (ERROR return type): HmifDatabase

If type 'HmifDatabase' is a generated type, check above for compilation errors that may have prevented the type from being generated. Otherwise, ensure that type 'HmifDatabase' is on your classpath.
e: [ksp] BindingMethodProcessingStep was unable to process 'provideDatabase(android.content.Context)' because 'HmifDatabase' could not be resolved.

Dependency trace:
    => element (OBJECT): com.example.hmifu_mobile.di.DatabaseModule
    => element (METHOD): provideDatabase(android.content.Context)
    => type (ERROR return type): HmifDatabase

If type 'HmifDatabase' is a generated type, check above for compilation errors that may have prevented the type from being generated. Otherwise, ensure that type 'HmifDatabase' is on your classpath.
e: [ksp] BindingMethodProcessingStep was unable to process 'provideUserDao(HmifDatabase)' because 'HmifDatabase' could not be resolved.

Dependency trace:
    => element (OBJECT): com.example.hmifu_mobile.di.DatabaseModule
    => element (METHOD): provideDatabase(android.content.Context)
    => type (ERROR return type): HmifDatabase

If type 'HmifDatabase' is a generated type, check above for compilation errors that may have prevented the type from being generated. Otherwise, ensure that type 'HmifDatabase' is on your classpath.
e: [ksp] BindingMethodProcessingStep was unable to process 'provideAnnouncementDao(HmifDatabase)' because 'HmifDatabase' could not be resolved.

Dependency trace:
    => element (OBJECT): com.example.hmifu_mobile.di.DatabaseModule
    => element (METHOD): provideDatabase(android.content.Context)
    => type (ERROR return type): HmifDatabase

If type 'HmifDatabase' is a generated type, check above for compilation errors that may have prevented the type from being generated. Otherwise, ensure that type 'HmifDatabase' is on your classpath.
e: [ksp] BindingMethodProcessingStep was unable to process 'provideEventDao(HmifDatabase)' because 'HmifDatabase' could not be resolved.

Dependency trace:
    => element (OBJECT): com.example.hmifu_mobile.di.DatabaseModule
    => element (METHOD): provideDatabase(android.content.Context)
    => type (ERROR return type): HmifDatabase

If type 'HmifDatabase' is a generated type, check above for compilation errors that may have prevented the type from being generated. Otherwise, ensure that type 'HmifDatabase' is on your classpath.
e: [ksp] BindingMethodProcessingStep was unable to process 'provideEventRegistrationDao(HmifDatabase)' because 'HmifDatabase' could not be resolved.

Dependency trace:
    => element (OBJECT): com.example.hmifu_mobile.di.DatabaseModule
    => element (METHOD): provideDatabase(android.content.Context)
    => type (ERROR return type): HmifDatabase

If type 'HmifDatabase' is a generated type, check above for compilation errors that may have prevented the type from being generated. Otherwise, ensure that type 'HmifDatabase' is on your classpath.
e: [ksp] BindingMethodProcessingStep was unable to process 'provideCertificateDao(HmifDatabase)' because 'HmifDatabase' could not be resolved.

Dependency trace:
    => element (OBJECT): com.example.hmifu_mobile.di.DatabaseModule
    => element (METHOD): provideDatabase(android.content.Context)
    => type (ERROR return type): HmifDatabase

If type 'HmifDatabase' is a generated type, check above for compilation errors that may have prevented the type from being generated. Otherwise, ensure that type 'HmifDatabase' is on your classpath.
e: [ksp] BindingMethodProcessingStep was unable to process 'providePollDao(HmifDatabase)' because 'HmifDatabase' could not be resolved.

Dependency trace:
    => element (OBJECT): com.example.hmifu_mobile.di.DatabaseModule
    => element (METHOD): provideDatabase(android.content.Context)
    => type (ERROR return type): HmifDatabase

If type 'HmifDatabase' is a generated type, check above for compilation errors that may have prevented the type from being generated. Otherwise, ensure that type 'HmifDatabase' is on your classpath.
e: [ksp] BindingMethodProcessingStep was unable to process 'provideResourceDao(HmifDatabase)' because 'HmifDatabase' could not be resolved.

Dependency trace:
    => element (OBJECT): com.example.hmifu_mobile.di.DatabaseModule
    => element (METHOD): provideDatabase(android.content.Context)
    => type (ERROR return type): HmifDatabase

If type 'HmifDatabase' is a generated type, check above for compilation errors that may have prevented the type from being generated. Otherwise, ensure that type 'HmifDatabase' is on your classpath.
e: [ksp] BindingMethodProcessingStep was unable to process 'provideFinanceDao(HmifDatabase)' because 'HmifDatabase' could not be resolved.

Dependency trace:
    => element (OBJECT): com.example.hmifu_mobile.di.DatabaseModule
    => element (METHOD): provideDatabase(android.content.Context)
    => type (ERROR return type): HmifDatabase

If type 'HmifDatabase' is a generated type, check above for compilation errors that may have prevented the type from being generated. Otherwise, ensure that type 'HmifDatabase' is on your classpath.

> Task :app:kspDebugKotlin FAILED

[Incubating] Problems report is available at: file:///C:/Users/Steven/AndroidStudioProjects/HMIF-U-Mobile/build/reports/problems/problems-report.html

FAILURE: Build failed with an exception.

* What went wrong:
Execution failed for task ':app:kspDebugKotlin'.
> A failure occurred while executing com.google.devtools.ksp.gradle.KspAAWorkerAction
   > KSP failed with exit code: PROCESSING_ERROR

* Try:
> Run with --stacktrace option to get the stack trace.
> Run with --info or --debug option to get more log output.
> Run with --scan to generate a Build Scan (powered by Develocity).
> Get more help at https://help.gradle.org.

Deprecated Gradle features were used in this build, making it incompatible with Gradle 10.

You can use '--warning-mode all' to show the individual deprecation warnings and determine if they come from your own scripts or plugins.

For more on this, please refer to https://docs.gradle.org/9.2.1/userguide/command_line_interface.html#sec:command_line_warnings in the Gradle documentation.

BUILD FAILED in 6s
32 actionable tasks: 1 executed, 31 up-to-date
