Starting a Gradle Daemon, 1 incompatible and 3 stopped Daemons could not be reused, use --status for details
> Task :app:preBuild UP-TO-DATE
> Task :app:preDebugBuild UP-TO-DATE
> Task :app:mergeDebugNativeDebugMetadata NO-SOURCE
> Task :app:checkKotlinGradlePluginConfigurationErrors SKIPPED
> Task :app:generateDebugBuildConfig UP-TO-DATE
> Task :app:checkDebugAarMetadata UP-TO-DATE
> Task :app:processDebugNavigationResources UP-TO-DATE
> Task :app:compileDebugNavigationResources UP-TO-DATE
> Task :app:generateDebugResValues UP-TO-DATE
> Task :app:processDebugGoogleServices UP-TO-DATE
> Task :app:mapDebugSourceSetPaths UP-TO-DATE
> Task :app:generateDebugResources UP-TO-DATE
> Task :app:mergeDebugResources UP-TO-DATE
> Task :app:packageDebugResources UP-TO-DATE
> Task :app:parseDebugLocalResources UP-TO-DATE
> Task :app:createDebugCompatibleScreenManifests UP-TO-DATE
> Task :app:extractDeepLinksDebug UP-TO-DATE
> Task :app:processDebugMainManifest
> Task :app:processDebugManifest
> Task :app:javaPreCompileDebug UP-TO-DATE
> Task :app:mergeDebugShaders UP-TO-DATE
> Task :app:compileDebugShaders NO-SOURCE
> Task :app:generateDebugAssets UP-TO-DATE
> Task :app:mergeDebugAssets UP-TO-DATE
> Task :app:compressDebugAssets UP-TO-DATE
> Task :app:desugarDebugFileDependencies UP-TO-DATE
> Task :app:checkDebugDuplicateClasses UP-TO-DATE
> Task :app:mergeExtDexDebug UP-TO-DATE
> Task :app:mergeLibDexDebug UP-TO-DATE
> Task :app:mergeDebugJniLibFolders UP-TO-DATE
> Task :app:mergeDebugNativeLibs UP-TO-DATE
> Task :app:stripDebugDebugSymbols UP-TO-DATE
> Task :app:validateSigningDebug UP-TO-DATE
> Task :app:writeDebugAppMetadata UP-TO-DATE
> Task :app:writeDebugSigningConfigVersions UP-TO-DATE
> Task :app:processDebugManifestForPackage
> Task :app:processDebugResources
> Task :app:kspDebugKotlin
e: [ksp] InjectProcessingStep was unable to process 'EventReminderWorker(android.content.Context,androidx.work.WorkerParameters)' because 'HiltWorker' could not be resolved.

Dependency trace:
    => element (CLASS): com.example.hmifu_mobile.worker.EventReminderWorker
    => annotation: @HiltWorker
    => type (ERROR annotation type): HiltWorker

If type 'HiltWorker' is a generated type, check above for compilation errors that may have prevented the type from being generated. Otherwise, ensure that type 'HiltWorker' is on your classpath.
e: [ksp] AssistedInjectProcessingStep was unable to process 'EventReminderWorker(android.content.Context,androidx.work.WorkerParameters)' because 'HiltWorker' could not be resolved.

Dependency trace:
    => element (CLASS): com.example.hmifu_mobile.worker.EventReminderWorker
    => annotation type: HiltWorker
    => type (ERROR annotation type): HiltWorker

If type 'HiltWorker' is a generated type, check above for compilation errors that may have prevented the type from being generated. Otherwise, ensure that type 'HiltWorker' is on your classpath.
e: [ksp] AssistedProcessingStep was unable to process 'appContext' because 'HiltWorker' could not be resolved.

Dependency trace:
    => element (CLASS): com.example.hmifu_mobile.worker.EventReminderWorker
    => annotation type: HiltWorker
    => type (ERROR annotation type): HiltWorker

If type 'HiltWorker' is a generated type, check above for compilation errors that may have prevented the type from being generated. Otherwise, ensure that type 'HiltWorker' is on your classpath.
e: [ksp] AssistedProcessingStep was unable to process 'workerParams' because 'HiltWorker' could not be resolved.

Dependency trace:
    => element (CLASS): com.example.hmifu_mobile.worker.EventReminderWorker
    => annotation type: HiltWorker
    => type (ERROR annotation type): HiltWorker

If type 'HiltWorker' is a generated type, check above for compilation errors that may have prevented the type from being generated. Otherwise, ensure that type 'HiltWorker' is on your classpath.

> Task :app:kspDebugKotlin FAILED

[Incubating] Problems report is available at: file:///C:/Users/Steven/AndroidStudioProjects/HMIF-U-Mobile/build/reports/problems/problems-report.html

FAILURE: Build failed with an exception.

* What went wrong:
Execution failed for task ':app:kspDebugKotlin'.
> A failure occurred while executing com.google.devtools.ksp.gradle.KspAAWorkerAction
   > KSP failed with exit code: PROCESSING_ERROR

* Try:
> Run with --stacktrace option to get the stack trace.
> Run with --info or --debug option to get more log output.
> Run with --scan to generate a Build Scan (powered by Develocity).
> Get more help at https://help.gradle.org.

Deprecated Gradle features were used in this build, making it incompatible with Gradle 10.

You can use '--warning-mode all' to show the individual deprecation warnings and determine if they come from your own scripts or plugins.

For more on this, please refer to https://docs.gradle.org/9.2.1/userguide/command_line_interface.html#sec:command_line_warnings in the Gradle documentation.

BUILD FAILED in 1m 16s
32 actionable tasks: 5 executed, 27 up-to-date
