> Task :app:preBuild UP-TO-DATE
> Task :app:preDebugBuild UP-TO-DATE
> Task :app:mergeDebugNativeDebugMetadata NO-SOURCE
> Task :app:checkKotlinGradlePluginConfigurationErrors SKIPPED
> Task :app:generateDebugBuildConfig UP-TO-DATE
> Task :app:checkDebugAarMetadata UP-TO-DATE
> Task :app:processDebugNavigationResources UP-TO-DATE
> Task :app:compileDebugNavigationResources UP-TO-DATE
> Task :app:generateDebugResValues UP-TO-DATE
> Task :app:processDebugGoogleServices UP-TO-DATE
> Task :app:mapDebugSourceSetPaths UP-TO-DATE
> Task :app:generateDebugResources UP-TO-DATE
> Task :app:mergeDebugResources UP-TO-DATE
> Task :app:packageDebugResources UP-TO-DATE
> Task :app:parseDebugLocalResources UP-TO-DATE
> Task :app:createDebugCompatibleScreenManifests UP-TO-DATE
> Task :app:extractDeepLinksDebug UP-TO-DATE
> Task :app:processDebugMainManifest UP-TO-DATE
> Task :app:processDebugManifest UP-TO-DATE
> Task :app:processDebugManifestForPackage UP-TO-DATE
> Task :app:processDebugResources UP-TO-DATE
> Task :app:javaPreCompileDebug UP-TO-DATE
> Task :app:mergeDebugShaders UP-TO-DATE
> Task :app:compileDebugShaders NO-SOURCE
> Task :app:generateDebugAssets UP-TO-DATE
> Task :app:mergeDebugAssets UP-TO-DATE
> Task :app:compressDebugAssets UP-TO-DATE
> Task :app:desugarDebugFileDependencies UP-TO-DATE
> Task :app:checkDebugDuplicateClasses UP-TO-DATE
> Task :app:mergeExtDexDebug UP-TO-DATE
> Task :app:mergeLibDexDebug UP-TO-DATE
> Task :app:mergeDebugJniLibFolders UP-TO-DATE
> Task :app:mergeDebugNativeLibs UP-TO-DATE
> Task :app:stripDebugDebugSymbols UP-TO-DATE
> Task :app:validateSigningDebug UP-TO-DATE
> Task :app:writeDebugAppMetadata UP-TO-DATE
> Task :app:writeDebugSigningConfigVersions UP-TO-DATE
> Task :app:kspDebugKotlin

> Task :app:compileDebugKotlin
w: file:///C:/Users/Steven/AndroidStudioProjects/HMIF-U-Mobile/app/src/main/java/com/example/hmifu_mobile/data/repository/EventRegistrationRepository.kt:25:5 This annotation is currently applied to the value parameter only, but in the future it will also be applied to field.
- To opt in to applying to both value parameter and field, add '-Xannotation-default-target=param-property' to your compiler arguments.
- To keep applying to the value parameter only, use the '@param:' annotation target.

See https://youtrack.jetbrains.com/issue/KT-73255 for more details.
w: file:///C:/Users/Steven/AndroidStudioProjects/HMIF-U-Mobile/app/src/main/java/com/example/hmifu_mobile/feature/admin/users/UserManagementScreen.kt:31:42 'fun <reified VM : ViewModel> hiltViewModel(viewModelStoreOwner: ViewModelStoreOwner = ..., key: String? = ...): VM' is deprecated. Moved to package: androidx.hilt.lifecycle.viewmodel.compose.
w: file:///C:/Users/Steven/AndroidStudioProjects/HMIF-U-Mobile/app/src/main/java/com/example/hmifu_mobile/feature/auth/LoginScreen.kt:75:32 'fun <reified VM : ViewModel> hiltViewModel(viewModelStoreOwner: ViewModelStoreOwner = ..., key: String? = ...): VM' is deprecated. Moved to package: androidx.hilt.lifecycle.viewmodel.compose.
w: file:///C:/Users/Steven/AndroidStudioProjects/HMIF-U-Mobile/app/src/main/java/com/example/hmifu_mobile/feature/auth/RegisterScreen.kt:78:32 'fun <reified VM : ViewModel> hiltViewModel(viewModelStoreOwner: ViewModelStoreOwner = ..., key: String? = ...): VM' is deprecated. Moved to package: androidx.hilt.lifecycle.viewmodel.compose.
w: file:///C:/Users/Steven/AndroidStudioProjects/HMIF-U-Mobile/app/src/main/java/com/example/hmifu_mobile/feature/events/MyEventsScreen.kt:72:13 'fun TabRow(selectedTabIndex: Int, modifier: Modifier = ..., containerColor: Color = ..., contentColor: Color = ..., indicator: ComposableFunction1<List<TabPosition>, Unit> = ..., divider: ComposableFunction0<Unit> = ..., tabs: ComposableFunction0<Unit>): Unit' is deprecated. Replaced with PrimaryTabRow and SecondaryTabRow.
w: file:///C:/Users/Steven/AndroidStudioProjects/HMIF-U-Mobile/app/src/main/java/com/example/hmifu_mobile/feature/finance/FinanceScreen.kt:47:35 'fun <reified VM : ViewModel> hiltViewModel(viewModelStoreOwner: ViewModelStoreOwner = ..., key: String? = ...): VM' is deprecated. Moved to package: androidx.hilt.lifecycle.viewmodel.compose.
w: file:///C:/Users/Steven/AndroidStudioProjects/HMIF-U-Mobile/app/src/main/java/com/example/hmifu_mobile/feature/finance/FinanceScreen.kt:86:13 'fun TabRow(selectedTabIndex: Int, modifier: Modifier = ..., containerColor: Color = ..., contentColor: Color = ..., indicator: ComposableFunction1<List<TabPosition>, Unit> = ..., divider: ComposableFunction0<Unit> = ..., tabs: ComposableFunction0<Unit>): Unit' is deprecated. Replaced with PrimaryTabRow and SecondaryTabRow.
w: file:///C:/Users/Steven/AndroidStudioProjects/HMIF-U-Mobile/app/src/main/java/com/example/hmifu_mobile/feature/finance/FinanceScreen.kt:92:34 'fun Modifier.tabIndicatorOffset(currentTabPosition: TabPosition): Modifier' is deprecated. Solely for use alongside deprecated TabRowDefaults.Indicator method. For recommended PrimaryIndicator and SecondaryIndicator methods, please use TabIndicatorScope.tabIndicatorOffset method.
w: file:///C:/Users/Steven/AndroidStudioProjects/HMIF-U-Mobile/app/src/main/java/com/example/hmifu_mobile/feature/finance/FinanceScreen.kt:165:42 'val Icons.Filled.TrendingUp: ImageVector' is deprecated. Use the AutoMirrored version at Icons.AutoMirrored.Filled.TrendingUp.
w: file:///C:/Users/Steven/AndroidStudioProjects/HMIF-U-Mobile/app/src/main/java/com/example/hmifu_mobile/feature/finance/FinanceScreen.kt:172:42 'val Icons.Filled.TrendingDown: ImageVector' is deprecated. Use the AutoMirrored version at Icons.AutoMirrored.Filled.TrendingDown.
w: file:///C:/Users/Steven/AndroidStudioProjects/HMIF-U-Mobile/app/src/main/java/com/example/hmifu_mobile/feature/finance/FinanceScreen.kt:312:52 'val Icons.Filled.TrendingUp: ImageVector' is deprecated. Use the AutoMirrored version at Icons.AutoMirrored.Filled.TrendingUp.
w: file:///C:/Users/Steven/AndroidStudioProjects/HMIF-U-Mobile/app/src/main/java/com/example/hmifu_mobile/feature/finance/FinanceScreen.kt:320:52 'val Icons.Filled.TrendingDown: ImageVector' is deprecated. Use the AutoMirrored version at Icons.AutoMirrored.Filled.TrendingDown.
w: file:///C:/Users/Steven/AndroidStudioProjects/HMIF-U-Mobile/app/src/main/java/com/example/hmifu_mobile/feature/finance/FinanceScreen.kt:365:51 'constructor(p0: String!, p1: String!): Locale' is deprecated. Deprecated in Java.
w: file:///C:/Users/Steven/AndroidStudioProjects/HMIF-U-Mobile/app/src/main/java/com/example/hmifu_mobile/feature/home/HomeScreen.kt:98:32 'fun <reified VM : ViewModel> hiltViewModel(viewModelStoreOwner: ViewModelStoreOwner = ..., key: String? = ...): VM' is deprecated. Moved to package: androidx.hilt.lifecycle.viewmodel.compose.
w: file:///C:/Users/Steven/AndroidStudioProjects/HMIF-U-Mobile/app/src/main/java/com/example/hmifu_mobile/feature/home/HomeScreen.kt:537:49 'val Icons.Rounded.ArrowForward: ImageVector' is deprecated. Use the AutoMirrored version at Icons.AutoMirrored.Rounded.ArrowForward.
w: file:///C:/Users/Steven/AndroidStudioProjects/HMIF-U-Mobile/app/src/main/java/com/example/hmifu_mobile/feature/qr/MemberCardScreen.kt:88:38 'fun <reified VM : ViewModel> hiltViewModel(viewModelStoreOwner: ViewModelStoreOwner = ..., key: String? = ...): VM' is deprecated. Moved to package: androidx.hilt.lifecycle.viewmodel.compose.
w: file:///C:/Users/Steven/AndroidStudioProjects/HMIF-U-Mobile/app/src/main/java/com/example/hmifu_mobile/feature/secretariat/SecretariatScreen.kt:262:40 'val Icons.Filled.OpenInNew: ImageVector' is deprecated. Use the AutoMirrored version at Icons.AutoMirrored.Filled.OpenInNew.

> Task :app:compileDebugJavaWithJavac
> Task :app:hiltAggregateDepsDebug UP-TO-DATE
> Task :app:hiltJavaCompileDebug
> Task :app:processDebugJavaRes
> Task :app:transformDebugClassesWithAsm
> Task :app:mergeDebugJavaResource
> Task :app:dexBuilderDebug
> Task :app:mergeDebugGlobalSynthetics UP-TO-DATE
> Task :app:mergeProjectDexDebug
> Task :app:packageDebug
> Task :app:createDebugApkListingFileRedirect
> Task :app:assembleDebug

[Incubating] Problems report is available at: file:///C:/Users/Steven/AndroidStudioProjects/HMIF-U-Mobile/build/reports/problems/problems-report.html

Deprecated Gradle features were used in this build, making it incompatible with Gradle 10.

You can use '--warning-mode all' to show the individual deprecation warnings and determine if they come from your own scripts or plugins.

For more on this, please refer to https://docs.gradle.org/9.2.1/userguide/command_line_interface.html#sec:command_line_warnings in the Gradle documentation.

BUILD SUCCESSFUL in 57s
44 actionable tasks: 11 executed, 33 up-to-date
Consider enabling configuration cache to speed up this build: https://docs.gradle.org/9.2.1/userguide/configuration_cache_enabling.html
